e:\vfs\pg20 t3 advanced oop in c++\assignment\pg20daiyongkim_aoop_a1\obj\debug\vc142.pdb
e:\vfs\pg20 t3 advanced oop in c++\assignment\pg20daiyongkim_aoop_a1\obj\debug\vc142.idb
e:\vfs\pg20 t3 advanced oop in c++\assignment\pg20daiyongkim_aoop_a1\obj\debug\world.obj
e:\vfs\pg20 t3 advanced oop in c++\assignment\pg20daiyongkim_aoop_a1\obj\debug\transformcomponent.obj
e:\vfs\pg20 t3 advanced oop in c++\assignment\pg20daiyongkim_aoop_a1\obj\debug\squarewithinsquarerenderingcomponent.obj
e:\vfs\pg20 t3 advanced oop in c++\assignment\pg20daiyongkim_aoop_a1\obj\debug\squarerenderingcomponent.obj
e:\vfs\pg20 t3 advanced oop in c++\assignment\pg20daiyongkim_aoop_a1\obj\debug\ship.obj
e:\vfs\pg20 t3 advanced oop in c++\assignment\pg20daiyongkim_aoop_a1\obj\debug\main.obj
e:\vfs\pg20 t3 advanced oop in c++\assignment\pg20daiyongkim_aoop_a1\obj\debug\inputmanager.obj
e:\vfs\pg20 t3 advanced oop in c++\assignment\pg20daiyongkim_aoop_a1\obj\debug\gameui.obj
e:\vfs\pg20 t3 advanced oop in c++\assignment\pg20daiyongkim_aoop_a1\obj\debug\game.obj
e:\vfs\pg20 t3 advanced oop in c++\assignment\pg20daiyongkim_aoop_a1\obj\debug\eventsystem.obj
e:\vfs\pg20 t3 advanced oop in c++\assignment\pg20daiyongkim_aoop_a1\obj\debug\componentbase.obj
e:\vfs\pg20 t3 advanced oop in c++\assignment\pg20daiyongkim_aoop_a1\obj\debug\collidercomponent.obj
e:\vfs\pg20 t3 advanced oop in c++\assignment\pg20daiyongkim_aoop_a1\obj\debug\bullet.obj
e:\vfs\pg20 t3 advanced oop in c++\assignment\pg20daiyongkim_aoop_a1\obj\debug\asteroidmanager.obj
e:\vfs\pg20 t3 advanced oop in c++\assignment\pg20daiyongkim_aoop_a1\obj\debug\asteroid.obj
e:\vfs\pg20 t3 advanced oop in c++\assignment\pg20daiyongkim_aoop_a1\obj\debug\actorfactory.obj
e:\vfs\pg20 t3 advanced oop in c++\assignment\pg20daiyongkim_aoop_a1\obj\debug\actor.obj
e:\vfs\pg20 t3 advanced oop in c++\assignment\pg20daiyongkim_aoop_a1\bin\game.exe
e:\vfs\pg20 t3 advanced oop in c++\assignment\pg20daiyongkim_aoop_a1\bin\game.ilk
e:\vfs\pg20 t3 advanced oop in c++\assignment\pg20daiyongkim_aoop_a1\bin\game.pdb
e:\vfs\pg20 t3 advanced oop in c++\assignment\pg20daiyongkim_aoop_a1\obj\debug\asteroid.obj.enc
e:\vfs\pg20 t3 advanced oop in c++\assignment\pg20daiyongkim_aoop_a1\obj\debug\bullet.obj.enc
e:\vfs\pg20 t3 advanced oop in c++\assignment\pg20daiyongkim_aoop_a1\obj\debug\ship.obj.enc
e:\vfs\pg20 t3 advanced oop in c++\assignment\pg20daiyongkim_aoop_a1\obj\debug\squarerenderingcomponent.obj.enc
e:\vfs\pg20 t3 advanced oop in c++\assignment\pg20daiyongkim_aoop_a1\obj\debug\squarewithinsquarerenderingcomponent.obj.enc
e:\vfs\pg20 t3 advanced oop in c++\assignment\pg20daiyongkim_aoop_a1\obj\debug\world.obj.enc
e:\vfs\pg20 t3 advanced oop in c++\assignment\pg20daiyongkim_aoop_a1\obj\debug\game.tlog\cl.command.1.tlog
e:\vfs\pg20 t3 advanced oop in c++\assignment\pg20daiyongkim_aoop_a1\obj\debug\game.tlog\cl.read.1.tlog
e:\vfs\pg20 t3 advanced oop in c++\assignment\pg20daiyongkim_aoop_a1\obj\debug\game.tlog\cl.write.1.tlog
e:\vfs\pg20 t3 advanced oop in c++\assignment\pg20daiyongkim_aoop_a1\obj\debug\game.tlog\link.command.1.tlog
e:\vfs\pg20 t3 advanced oop in c++\assignment\pg20daiyongkim_aoop_a1\obj\debug\game.tlog\link.read.1.tlog
e:\vfs\pg20 t3 advanced oop in c++\assignment\pg20daiyongkim_aoop_a1\obj\debug\game.tlog\link.write.1.tlog
